[LOG] System::create                           : Header version = 1.10.02. Current version = 1.10.02.
[LOG] SystemI::setOutputInternal               : Setting output to type 0
[LOG] Manager::init                            : maxchannels = 1024 studioflags = 00000009 flags 00000000 extradriverdata 0x0.
[LOG] SystemI::init                            : FMOD Studio Version: 00011002 (92217)
[LOG] SystemI::init                            : maxchannels = 1024, flags = 00030000, extradriverdata = 0x0
[LOG] SystemI::setOutputInternal               : Setting output to type 12
[LOG] SystemI::setOutputInternal               : Setting output to type 12
[LOG] OutputCoreAudio::enumerate               : Enumerating...
[LOG] OutputCoreAudio::enumerate               : Found output driver: "Built-in Output".
[LOG] OutputCoreAudio::enumerate               : Done.
[LOG] SystemI::setOutputInternal               : Setting output to type 12
[LOG] SystemI::setOutputInternal               : Setting output to type 12
[LOG] SystemI::setOutputInternal               : Setting output to type 12
[LOG] OutputCoreAudio::init                    : Output running 2 channels at 44100Hz sample rate.
[LOG] OutputCoreAudio::init                    : Maximum hardware read size: 1024 samples, Software buffer size: 512 samples, Number of software buffers: 4.
[WRN] SystemI::init                            : Output requires a sample rate of 44100Hz, resampling will occur.
[LOG] SystemI::init                            : Create master channel group and master sound group.
[LOG] SystemI::init                            : Set up emulated output.  1024 channels
[LOG] SystemI::init                            : create the channel pool
[LOG] SystemI::init                            : create the stream thread
[LOG] Thread::initThread                       : Init FMOD stream thread. Priority: 2, Stack Size: 65536, Semaphore: No, Sleep Time: 10, Looping: Yes.
[LOG] SystemI::DSPCodecPoolRegister            : register codec pool for pool type 5
[LOG] Thread::initThread                       : Init FMOD mixer thread. Priority: 3, Stack Size: 49152, Semaphore: Yes, Sleep Time: 0, Looping: Yes.
[LOG] AsyncManager::init                       : manager 0x14215be08 isAsync 1 updatePeriod 0.02
[LOG] Thread::initThread                       : Init FMOD Studio update thread. Priority: 0, Stack Size: 65536, Semaphore: No, Sleep Time: 1, Looping: No.
[LOG] AsyncManager::init                       : done
[LOG] PlaybackSystem::init                     : 
[LOG] Thread::initThread                       : Init FMOD Studio sample load thread. Priority: 0, Stack Size: 65536, Semaphore: No, Sleep Time: 1, Looping: No.
[LOG] PlaybackSystem::init                     : done
[LOG] LiveUpdate::init                         : 
[LOG] Thread::initThread                       : Init FMOD Studio bank load thread. Priority: 0, Stack Size: 65536, Semaphore: No, Sleep Time: 1, Looping: No.
[LOG] Manager::init                            : done.
[LOG] Profile::init                            : Profiler listening on port: 9264
[LOG] Manager::readBank                        : fileversion = 99, compatVersion = 99 (oldest = 44, newest = 99)
[LOG] Manager::readBank                        : fileversion = 99, compatVersion = 99 (oldest = 44, newest = 99)
[LOG] PlaybackSystem::acquireMasterBus         : Setting master channel group format to 3
[LOG] SystemI::createSoundInternal             : filename =  : mode 02000202
[LOG] SystemI::createSoundInternal             : exinfo->cbsize             = 232
[LOG] SystemI::createSoundInternal             : exinfo->length             = 8092192
[LOG] SystemI::createSoundInternal             : exinfo->fileoffset         = 172992
[LOG] SystemI::createSoundInternal             : exinfo->numsubsounds       = 1
[LOG] SystemI::createSoundInternal             : exinfo->inclusionlist      = 0x70000d1a47bc
[LOG] SystemI::createSoundInternal             : exinfo->inclusionlistnum   = 1
[LOG] SystemI::createSoundInternal             : exinfo->suggestedsoundtype = 5
[LOG] SystemI::createSoundInternal             : exinfo->useropen           = 0x1298b801b
[LOG] SystemI::createSoundInternal             : exinfo->userclose          = 0x1298b80d7
[LOG] SystemI::createSoundInternal             : exinfo->userread           = 0x1298b8107
[LOG] SystemI::createSoundInternal             : exinfo->userseek           = 0x1298b81a4
[LOG] SystemI::createSoundInternal             : exinfo->fileuserdata       = 0x12b41e678
[LOG] SystemI::createSoundInternal             : exinfo->initialseekpostype = 1
[LOG] SystemI::DSPCodecPoolRegister            : register codec pool for pool type 5
[LOG] SystemI::createSoundInternal             : Format has 1 subsounds.
[LOG] SystemI::createSoundInternal             : Create as FMOD_CREATESAMPLE
[LOG] SystemI::createSoundInternal             : Multi-sample sound (1 subsounds), create a sample container.
[LOG] SystemI::createSoundInternal             : creating subsound 0/1
[LOG] SystemI::createSample                    : mode 02000202 length 67765 samples, lengthbytes 20448
[LOG] SystemI::createSample                    : channels = 2
[LOG] SystemI::createSample                    : output = 0x144bc0fe8
[LOG] OutputSoftware::createSample             : lengthpcm 67765, lengthbytes 20448, channels 2, format 2, freq 48000, mode 0200020a
[LOG] SystemI::createSoundInternal             : No name found in file, use filename.
[LOG] SystemI::createSoundInternal             : done.  OpenState now = FMOD_OPENSTATE_READY.

[LOG] SystemI::createSoundInternal             : filename =  : mode 02000202
[LOG] SystemI::createSoundInternal             : exinfo->cbsize             = 232
[LOG] SystemI::createSoundInternal             : exinfo->length             = 8092192
[LOG] SystemI::createSoundInternal             : exinfo->fileoffset         = 172992
[LOG] SystemI::createSoundInternal             : exinfo->numsubsounds       = 1
[LOG] SystemI::createSoundInternal             : exinfo->inclusionlist      = 0x70000d1a47bc
[LOG] SystemI::createSoundInternal             : exinfo->inclusionlistnum   = 1
[LOG] SystemI::createSoundInternal             : exinfo->suggestedsoundtype = 5
[LOG] SystemI::createSoundInternal             : exinfo->useropen           = 0x1298b801b
[LOG] SystemI::createSoundInternal             : exinfo->userclose          = 0x1298b80d7
[LOG] SystemI::createSoundInternal             : exinfo->userread           = 0x1298b8107
[LOG] SystemI::createSoundInternal             : exinfo->userseek           = 0x1298b81a4
[LOG] SystemI::createSoundInternal             : exinfo->fileuserdata       = 0x12b41e678
[LOG] SystemI::createSoundInternal             : exinfo->initialseekpostype = 1
[LOG] SystemI::DSPCodecPoolRegister            : register codec pool for pool type 5
[LOG] SystemI::createSoundInternal             : Format has 1 subsounds.
[LOG] SystemI::createSoundInternal             : Create as FMOD_CREATESAMPLE
[LOG] SystemI::createSoundInternal             : Multi-sample sound (1 subsounds), create a sample container.
[LOG] SystemI::createSoundInternal             : creating subsound 0/1
[LOG] SystemI::createSample                    : mode 02000202 length 406588 samples, lengthbytes 94592
[LOG] SystemI::createSample                    : channels = 2
[LOG] SystemI::createSample                    : output = 0x144bc0fe8
[LOG] OutputSoftware::createSample             : lengthpcm 406588, lengthbytes 94592, channels 2, format 2, freq 48000, mode 0200020a
[LOG] SystemI::createSoundInternal             : No name found in file, use filename.
[LOG] SystemI::createSoundInternal             : done.  OpenState now = FMOD_OPENSTATE_READY.

[LOG] SystemI::createSoundInternal             : filename =  : mode 02000202
[LOG] SystemI::createSoundInternal             : exinfo->cbsize             = 232
[LOG] SystemI::createSoundInternal             : exinfo->length             = 8092192
[LOG] SystemI::createSoundInternal             : exinfo->fileoffset         = 172992
[LOG] SystemI::createSoundInternal             : exinfo->numsubsounds       = 1
[LOG] SystemI::createSoundInternal             : exinfo->inclusionlist      = 0x70000d1a47bc
[LOG] SystemI::createSoundInternal             : exinfo->inclusionlistnum   = 1
[LOG] SystemI::createSoundInternal             : exinfo->suggestedsoundtype = 5
[LOG] SystemI::createSoundInternal             : exinfo->useropen           = 0x1298b801b
[LOG] SystemI::createSoundInternal             : exinfo->userclose          = 0x1298b80d7
[LOG] SystemI::createSoundInternal             : exinfo->userread           = 0x1298b8107
[LOG] SystemI::createSoundInternal             : exinfo->userseek           = 0x1298b81a4
[LOG] SystemI::createSoundInternal             : exinfo->fileuserdata       = 0x12b41e678
[LOG] SystemI::createSoundInternal             : exinfo->initialseekpostype = 1
[LOG] SystemI::DSPCodecPoolRegister            : register codec pool for pool type 5
[LOG] SystemI::createSoundInternal             : Format has 1 subsounds.
[LOG] SystemI::createSoundInternal             : Create as FMOD_CREATESAMPLE
[LOG] SystemI::createSoundInternal             : Multi-sample sound (1 subsounds), create a sample container.
[LOG] SystemI::createSoundInternal             : creating subsound 0/1
[LOG] SystemI::createSample                    : mode 02000202 length 303011 samples, lengthbytes 54336
[LOG] SystemI::createSample                    : channels = 2
[LOG] SystemI::createSample                    : output = 0x144bc0fe8
[LOG] OutputSoftware::createSample             : lengthpcm 303011, lengthbytes 54336, channels 2, format 2, freq 48000, mode 0200020a
[LOG] SystemI::createSoundInternal             : No name found in file, use filename.
[LOG] SystemI::createSoundInternal             : done.  OpenState now = FMOD_OPENSTATE_READY.

[LOG] SystemI::createSoundInternal             : filename =  : mode 02000202
[LOG] SystemI::createSoundInternal             : exinfo->cbsize             = 232
[LOG] SystemI::createSoundInternal             : exinfo->length             = 8092192
[LOG] SystemI::createSoundInternal             : exinfo->fileoffset         = 172992
[LOG] SystemI::createSoundInternal             : exinfo->numsubsounds       = 1
[LOG] SystemI::createSoundInternal             : exinfo->inclusionlist      = 0x70000d1a47bc
[LOG] SystemI::createSoundInternal             : exinfo->inclusionlistnum   = 1
[LOG] SystemI::createSoundInternal             : exinfo->suggestedsoundtype = 5
[LOG] SystemI::createSoundInternal             : exinfo->useropen           = 0x1298b801b
[LOG] SystemI::createSoundInternal             : exinfo->userclose          = 0x1298b80d7
[LOG] SystemI::createSoundInternal             : exinfo->userread           = 0x1298b8107
[LOG] SystemI::createSoundInternal             : exinfo->userseek           = 0x1298b81a4
[LOG] SystemI::createSoundInternal             : exinfo->fileuserdata       = 0x12b41e678
[LOG] SystemI::createSoundInternal             : exinfo->initialseekpostype = 1
[LOG] SystemI::DSPCodecPoolRegister            : register codec pool for pool type 5
[LOG] SystemI::createSoundInternal             : Format has 1 subsounds.
[LOG] SystemI::createSoundInternal             : Create as FMOD_CREATESAMPLE
[LOG] SystemI::createSoundInternal             : Multi-sample sound (1 subsounds), create a sample container.
[LOG] SystemI::createSoundInternal             : creating subsound 0/1
[LOG] SystemI::createSample                    : mode 02000202 length 406589 samples, lengthbytes 94400
[LOG] SystemI::createSample                    : channels = 2
[LOG] SystemI::createSample                    : output = 0x144bc0fe8
[LOG] OutputSoftware::createSample             : lengthpcm 406589, lengthbytes 94400, channels 2, format 2, freq 48000, mode 0200020a
[LOG] SystemI::createSoundInternal             : No name found in file, use filename.
[LOG] SystemI::createSoundInternal             : done.  OpenState now = FMOD_OPENSTATE_READY.

[LOG] SystemI::createSoundInternal             : filename =  : mode 02000202
[LOG] SystemI::createSoundInternal             : exinfo->cbsize             = 232
[LOG] SystemI::createSoundInternal             : exinfo->length             = 8092192
[LOG] SystemI::createSoundInternal             : exinfo->fileoffset         = 172992
[LOG] SystemI::createSoundInternal             : exinfo->numsubsounds       = 1
[LOG] SystemI::createSoundInternal             : exinfo->inclusionlist      = 0x70000d1a47bc
[LOG] SystemI::createSoundInternal             : exinfo->inclusionlistnum   = 1
[LOG] SystemI::createSoundInternal             : exinfo->suggestedsoundtype = 5
[LOG] SystemI::createSoundInternal             : exinfo->useropen           = 0x1298b801b
[LOG] SystemI::createSoundInternal             : exinfo->userclose          = 0x1298b80d7
[LOG] SystemI::createSoundInternal             : exinfo->userread           = 0x1298b8107
[LOG] SystemI::createSoundInternal             : exinfo->userseek           = 0x1298b81a4
[LOG] SystemI::createSoundInternal             : exinfo->fileuserdata       = 0x12b41e678
[LOG] SystemI::createSoundInternal             : exinfo->initialseekpostype = 1
[LOG] SystemI::DSPCodecPoolRegister            : register codec pool for pool type 5
[LOG] SystemI::createSoundInternal             : Format has 1 subsounds.
[LOG] SystemI::createSoundInternal             : Create as FMOD_CREATESAMPLE
[LOG] SystemI::createSoundInternal             : Multi-sample sound (1 subsounds), create a sample container.
[LOG] SystemI::createSoundInternal             : creating subsound 0/1
[LOG] SystemI::createSample                    : mode 02000202 length 67765 samples, lengthbytes 21088
[LOG] SystemI::createSample                    : channels = 2
[LOG] SystemI::createSample                    : output = 0x144bc0fe8
[LOG] OutputSoftware::createSample             : lengthpcm 67765, lengthbytes 21088, channels 2, format 2, freq 48000, mode 0200020a
[LOG] SystemI::createSoundInternal             : No name found in file, use filename.
[LOG] SystemI::createSoundInternal             : done.  OpenState now = FMOD_OPENSTATE_READY.

[LOG] SystemI::createSoundInternal             : filename =  : mode 02000202
[LOG] SystemI::createSoundInternal             : exinfo->cbsize             = 232
[LOG] SystemI::createSoundInternal             : exinfo->length             = 8092192
[LOG] SystemI::createSoundInternal             : exinfo->fileoffset         = 172992
[LOG] SystemI::createSoundInternal             : exinfo->numsubsounds       = 1
[LOG] SystemI::createSoundInternal             : exinfo->inclusionlist      = 0x70000d1a47bc
[LOG] SystemI::createSoundInternal             : exinfo->inclusionlistnum   = 1
[LOG] SystemI::createSoundInternal             : exinfo->suggestedsoundtype = 5
[LOG] SystemI::createSoundInternal             : exinfo->useropen           = 0x1298b801b
[LOG] SystemI::createSoundInternal             : exinfo->userclose          = 0x1298b80d7
[LOG] SystemI::createSoundInternal             : exinfo->userread           = 0x1298b8107
[LOG] SystemI::createSoundInternal             : exinfo->userseek           = 0x1298b81a4
[LOG] SystemI::createSoundInternal             : exinfo->fileuserdata       = 0x12b41e678
[LOG] SystemI::createSoundInternal             : exinfo->initialseekpostype = 1
[LOG] SystemI::DSPCodecPoolRegister            : register codec pool for pool type 5
[LOG] SystemI::createSoundInternal             : Format has 1 subsounds.
[LOG] SystemI::createSoundInternal             : Create as FMOD_CREATESAMPLE
[LOG] SystemI::createSoundInternal             : Multi-sample sound (1 subsounds), create a sample container.
[LOG] SystemI::createSoundInternal             : creating subsound 0/1
[LOG] SystemI::createSample                    : mode 02000202 length 237176 samples, lengthbytes 72576
[LOG] SystemI::createSample                    : channels = 2
[LOG] SystemI::createSample                    : output = 0x144bc0fe8
[LOG] OutputSoftware::createSample             : lengthpcm 237176, lengthbytes 72576, channels 2, format 2, freq 48000, mode 0200020a
[LOG] SystemI::createSoundInternal             : No name found in file, use filename.
[LOG] SystemI::createSoundInternal             : done.  OpenState now = FMOD_OPENSTATE_READY.

[LOG] SystemI::createSoundInternal             : filename =  : mode 02000202
[LOG] SystemI::createSoundInternal             : exinfo->cbsize             = 232
[LOG] SystemI::createSoundInternal             : exinfo->length             = 8092192
[LOG] SystemI::createSoundInternal             : exinfo->fileoffset         = 172992
[LOG] SystemI::createSoundInternal             : exinfo->numsubsounds       = 1
[LOG] SystemI::createSoundInternal             : exinfo->inclusionlist      = 0x70000d1a47bc
[LOG] SystemI::createSoundInternal             : exinfo->inclusionlistnum   = 1
[LOG] SystemI::createSoundInternal             : exinfo->suggestedsoundtype = 5
[LOG] SystemI::createSoundInternal             : exinfo->useropen           = 0x1298b801b
[LOG] SystemI::createSoundInternal             : exinfo->userclose          = 0x1298b80d7
[LOG] SystemI::createSoundInternal             : exinfo->userread           = 0x1298b8107
[LOG] SystemI::createSoundInternal             : exinfo->userseek           = 0x1298b81a4
[LOG] SystemI::createSoundInternal             : exinfo->fileuserdata       = 0x12b41e678
[LOG] SystemI::createSoundInternal             : exinfo->initialseekpostype = 1
[LOG] SystemI::DSPCodecPoolRegister            : register codec pool for pool type 5
[LOG] SystemI::createSoundInternal             : Format has 1 subsounds.
[LOG] SystemI::createSoundInternal             : Create as FMOD_CREATESAMPLE
[LOG] SystemI::createSoundInternal             : Multi-sample sound (1 subsounds), create a sample container.
[LOG] SystemI::createSoundInternal             : creating subsound 0/1
[LOG] SystemI::createSample                    : mode 02000202 length 135529 samples, lengthbytes 45280
[LOG] SystemI::createSample                    : channels = 2
[LOG] SystemI::createSample                    : output = 0x144bc0fe8
[LOG] OutputSoftware::createSample             : lengthpcm 135529, lengthbytes 45280, channels 2, format 2, freq 48000, mode 0200020a
[LOG] SystemI::createSoundInternal             : No name found in file, use filename.
[LOG] SystemI::createSoundInternal             : done.  OpenState now = FMOD_OPENSTATE_READY.

[LOG] SystemI::createSoundInternal             : filename =  : mode 02000202
[LOG] SystemI::createSoundInternal             : exinfo->cbsize             = 232
[LOG] SystemI::createSoundInternal             : exinfo->length             = 8092192
[LOG] SystemI::createSoundInternal             : exinfo->fileoffset         = 172992
[LOG] SystemI::createSoundInternal             : exinfo->numsubsounds       = 1
[LOG] SystemI::createSoundInternal             : exinfo->inclusionlist      = 0x70000d1a47bc
[LOG] SystemI::createSoundInternal             : exinfo->inclusionlistnum   = 1
[LOG] SystemI::createSoundInternal             : exinfo->suggestedsoundtype = 5
[LOG] SystemI::createSoundInternal             : exinfo->useropen           = 0x1298b801b
[LOG] SystemI::createSoundInternal             : exinfo->userclose          = 0x1298b80d7
[LOG] SystemI::createSoundInternal             : exinfo->userread           = 0x1298b8107
[LOG] SystemI::createSoundInternal             : exinfo->userseek           = 0x1298b81a4
[LOG] SystemI::createSoundInternal             : exinfo->fileuserdata       = 0x12b41e678
[LOG] SystemI::createSoundInternal             : exinfo->initialseekpostype = 1
[LOG] SystemI::DSPCodecPoolRegister            : register codec pool for pool type 5
[LOG] SystemI::createSoundInternal             : Format has 1 subsounds.
[LOG] SystemI::createSoundInternal             : Create as FMOD_CREATESAMPLE
[LOG] SystemI::createSoundInternal             : Multi-sample sound (1 subsounds), create a sample container.
[LOG] SystemI::createSoundInternal             : creating subsound 0/1
[LOG] SystemI::createSample                    : mode 02000202 length 406589 samples, lengthbytes 96224
[LOG] SystemI::createSample                    : channels = 2
[LOG] SystemI::createSample                    : output = 0x144bc0fe8
[LOG] OutputSoftware::createSample             : lengthpcm 406589, lengthbytes 96224, channels 2, format 2, freq 48000, mode 0200020a
[LOG] SystemI::createSoundInternal             : No name found in file, use filename.
[LOG] SystemI::createSoundInternal             : done.  OpenState now = FMOD_OPENSTATE_READY.

[LOG] SystemI::createSoundInternal             : filename =  : mode 02000202
[LOG] SystemI::createSoundInternal             : exinfo->cbsize             = 232
[LOG] SystemI::createSoundInternal             : exinfo->length             = 8092192
[LOG] SystemI::createSoundInternal             : exinfo->fileoffset         = 172992
[LOG] SystemI::createSoundInternal             : exinfo->numsubsounds       = 1
[LOG] SystemI::createSoundInternal             : exinfo->inclusionlist      = 0x70000d1a47bc
[LOG] SystemI::createSoundInternal             : exinfo->inclusionlistnum   = 1
[LOG] SystemI::createSoundInternal             : exinfo->suggestedsoundtype = 5
[LOG] SystemI::createSoundInternal             : exinfo->useropen           = 0x1298b801b
[LOG] SystemI::createSoundInternal             : exinfo->userclose          = 0x1298b80d7
[LOG] SystemI::createSoundInternal             : exinfo->userread           = 0x1298b8107
[LOG] SystemI::createSoundInternal             : exinfo->userseek           = 0x1298b81a4
[LOG] SystemI::createSoundInternal             : exinfo->fileuserdata       = 0x12b41e678
[LOG] SystemI::createSoundInternal             : exinfo->initialseekpostype = 1
[LOG] SystemI::DSPCodecPoolRegister            : register codec pool for pool type 5
[LOG] SystemI::createSoundInternal             : Format has 1 subsounds.
[LOG] SystemI::createSoundInternal             : Create as FMOD_CREATESAMPLE
[LOG] SystemI::createSoundInternal             : Multi-sample sound (1 subsounds), create a sample container.
[LOG] SystemI::createSoundInternal             : creating subsound 0/1
[LOG] SystemI::createSample                    : mode 02000202 length 135530 samples, lengthbytes 45152
[LOG] SystemI::createSample                    : channels = 2
[LOG] SystemI::createSample                    : output = 0x144bc0fe8
[LOG] OutputSoftware::createSample             : lengthpcm 135530, lengthbytes 45152, channels 2, format 2, freq 48000, mode 0200020a
[LOG] SystemI::createSoundInternal             : No name found in file, use filename.
[LOG] SystemI::createSoundInternal             : done.  OpenState now = FMOD_OPENSTATE_READY.

[LOG] SystemI::createSoundInternal             : filename =  : mode 02000202
[LOG] SystemI::createSoundInternal             : exinfo->cbsize             = 232
[LOG] SystemI::createSoundInternal             : exinfo->length             = 8092192
[LOG] SystemI::createSoundInternal             : exinfo->fileoffset         = 172992
[LOG] SystemI::createSoundInternal             : exinfo->numsubsounds       = 1
[LOG] SystemI::createSoundInternal             : exinfo->inclusionlist      = 0x70000d1a47bc
[LOG] SystemI::createSoundInternal             : exinfo->inclusionlistnum   = 1
[LOG] SystemI::createSoundInternal             : exinfo->suggestedsoundtype = 5
[LOG] SystemI::createSoundInternal             : exinfo->useropen           = 0x1298b801b
[LOG] SystemI::createSoundInternal             : exinfo->userclose          = 0x1298b80d7
[LOG] SystemI::createSoundInternal             : exinfo->userread           = 0x1298b8107
[LOG] SystemI::createSoundInternal             : exinfo->userseek           = 0x1298b81a4
[LOG] SystemI::createSoundInternal             : exinfo->fileuserdata       = 0x12b41e678
[LOG] SystemI::createSoundInternal             : exinfo->initialseekpostype = 1
[LOG] SystemI::DSPCodecPoolRegister            : register codec pool for pool type 5
[LOG] SystemI::createSoundInternal             : Format has 1 subsounds.
[LOG] SystemI::createSoundInternal             : Create as FMOD_CREATESAMPLE
[LOG] SystemI::createSoundInternal             : Multi-sample sound (1 subsounds), create a sample container.
[LOG] SystemI::createSoundInternal             : creating subsound 0/1
[LOG] SystemI::createSample                    : mode 02000202 length 303011 samples, lengthbytes 54976
[LOG] SystemI::createSample                    : channels = 2
[LOG] SystemI::createSample                    : output = 0x144bc0fe8
[LOG] OutputSoftware::createSample             : lengthpcm 303011, lengthbytes 54976, channels 2, format 2, freq 48000, mode 0200020a
[LOG] SystemI::createSoundInternal             : No name found in file, use filename.
[LOG] SystemI::createSoundInternal             : done.  OpenState now = FMOD_OPENSTATE_READY.

[LOG] SystemI::createSoundInternal             : filename =  : mode 02000202
[LOG] SystemI::createSoundInternal             : exinfo->cbsize             = 232
[LOG] SystemI::createSoundInternal             : exinfo->length             = 8092192
[LOG] SystemI::createSoundInternal             : exinfo->fileoffset         = 172992
[LOG] SystemI::createSoundInternal             : exinfo->numsubsounds       = 1
[LOG] SystemI::createSoundInternal             : exinfo->inclusionlist      = 0x70000d1a47bc
[LOG] SystemI::createSoundInternal             : exinfo->inclusionlistnum   = 1
[LOG] SystemI::createSoundInternal             : exinfo->suggestedsoundtype = 5
[LOG] SystemI::createSoundInternal             : exinfo->useropen           = 0x1298b801b
[LOG] SystemI::createSoundInternal             : exinfo->userclose          = 0x1298b80d7
[LOG] SystemI::createSoundInternal             : exinfo->userread           = 0x1298b8107
[LOG] SystemI::createSoundInternal             : exinfo->userseek           = 0x1298b81a4
[LOG] SystemI::createSoundInternal             : exinfo->fileuserdata       = 0x12b41e678
[LOG] SystemI::createSoundInternal             : exinfo->initialseekpostype = 1
[LOG] SystemI::DSPCodecPoolRegister            : register codec pool for pool type 5
[LOG] SystemI::createSoundInternal             : Format has 1 subsounds.
[LOG] SystemI::createSoundInternal             : Create as FMOD_CREATESAMPLE
[LOG] SystemI::createSoundInternal             : Multi-sample sound (1 subsounds), create a sample container.
[LOG] SystemI::createSoundInternal             : creating subsound 0/1
[LOG] SystemI::createSample                    : mode 02000202 length 67765 samples, lengthbytes 21024
[LOG] SystemI::createSample                    : channels = 2
[LOG] SystemI::createSample                    : output = 0x144bc0fe8
[LOG] OutputSoftware::createSample             : lengthpcm 67765, lengthbytes 21024, channels 2, format 2, freq 48000, mode 0200020a
[LOG] SystemI::createSoundInternal             : No name found in file, use filename.
[LOG] SystemI::createSoundInternal             : done.  OpenState now = FMOD_OPENSTATE_READY.

[LOG] SystemI::createSoundInternal             : filename =  : mode 02000202
[LOG] SystemI::createSoundInternal             : exinfo->cbsize             = 232
[LOG] SystemI::createSoundInternal             : exinfo->length             = 8092192
[LOG] SystemI::createSoundInternal             : exinfo->fileoffset         = 172992
[LOG] SystemI::createSoundInternal             : exinfo->numsubsounds       = 1
[LOG] SystemI::createSoundInternal             : exinfo->inclusionlist      = 0x70000d1a47bc
[LOG] SystemI::createSoundInternal             : exinfo->inclusionlistnum   = 1
[LOG] SystemI::createSoundInternal             : exinfo->suggestedsoundtype = 5
[LOG] SystemI::createSoundInternal             : exinfo->useropen           = 0x1298b801b
[LOG] SystemI::createSoundInternal             : exinfo->userclose          = 0x1298b80d7
[LOG] SystemI::createSoundInternal             : exinfo->userread           = 0x1298b8107
[LOG] SystemI::createSoundInternal             : exinfo->userseek           = 0x1298b81a4
[LOG] SystemI::createSoundInternal             : exinfo->fileuserdata       = 0x12b41e678
[LOG] SystemI::createSoundInternal             : exinfo->initialseekpostype = 1
[LOG] SystemI::DSPCodecPoolRegister            : register codec pool for pool type 5
[LOG] SystemI::createSoundInternal             : Format has 1 subsounds.
[LOG] SystemI::createSoundInternal             : Create as FMOD_CREATESAMPLE
[LOG] SystemI::createSoundInternal             : Multi-sample sound (1 subsounds), create a sample container.
[LOG] SystemI::createSoundInternal             : creating subsound 0/1
[LOG] SystemI::createSample                    : mode 02000202 length 303011 samples, lengthbytes 55264
[LOG] SystemI::createSample                    : channels = 2
[LOG] SystemI::createSample                    : output = 0x144bc0fe8
[LOG] OutputSoftware::createSample             : lengthpcm 303011, lengthbytes 55264, channels 2, format 2, freq 48000, mode 0200020a
[LOG] SystemI::createSoundInternal             : No name found in file, use filename.
[LOG] SystemI::createSoundInternal             : done.  OpenState now = FMOD_OPENSTATE_READY.

[LOG] SystemI::createSoundInternal             : filename =  : mode 02000202
[LOG] SystemI::createSoundInternal             : exinfo->cbsize             = 232
[LOG] SystemI::createSoundInternal             : exinfo->length             = 8092192
[LOG] SystemI::createSoundInternal             : exinfo->fileoffset         = 172992
[LOG] SystemI::createSoundInternal             : exinfo->numsubsounds       = 1
[LOG] SystemI::createSoundInternal             : exinfo->inclusionlist      = 0x70000d1a47bc
[LOG] SystemI::createSoundInternal             : exinfo->inclusionlistnum   = 1
[LOG] SystemI::createSoundInternal             : exinfo->suggestedsoundtype = 5
[LOG] SystemI::createSoundInternal             : exinfo->useropen           = 0x1298b801b
[LOG] SystemI::createSoundInternal             : exinfo->userclose          = 0x1298b80d7
[LOG] SystemI::createSoundInternal             : exinfo->userread           = 0x1298b8107
[LOG] SystemI::createSoundInternal             : exinfo->userseek           = 0x1298b81a4
[LOG] SystemI::createSoundInternal             : exinfo->fileuserdata       = 0x12b41e678
[LOG] SystemI::createSoundInternal             : exinfo->initialseekpostype = 1
[LOG] SystemI::DSPCodecPoolRegister            : register codec pool for pool type 5
[LOG] SystemI::createSoundInternal             : Format has 1 subsounds.
[LOG] SystemI::createSoundInternal             : Create as FMOD_CREATESAMPLE
[LOG] SystemI::createSoundInternal             : Multi-sample sound (1 subsounds), create a sample container.
[LOG] SystemI::createSoundInternal             : creating subsound 0/1
[LOG] SystemI::createSample                    : mode 02000202 length 67765 samples, lengthbytes 20800
[LOG] SystemI::createSample                    : channels = 2
[LOG] SystemI::createSample                    : output = 0x144bc0fe8
[LOG] OutputSoftware::createSample             : lengthpcm 67765, lengthbytes 20800, channels 2, format 2, freq 48000, mode 0200020a
[LOG] SystemI::createSoundInternal             : No name found in file, use filename.
[LOG] SystemI::createSoundInternal             : done.  OpenState now = FMOD_OPENSTATE_READY.

[LOG] SystemI::createSoundInternal             : filename =  : mode 02000202
[LOG] SystemI::createSoundInternal             : exinfo->cbsize             = 232
[LOG] SystemI::createSoundInternal             : exinfo->length             = 8092192
[LOG] SystemI::createSoundInternal             : exinfo->fileoffset         = 172992
[LOG] SystemI::createSoundInternal             : exinfo->numsubsounds       = 1
[LOG] SystemI::createSoundInternal             : exinfo->inclusionlist      = 0x70000d1a47bc
[LOG] SystemI::createSoundInternal             : exinfo->inclusionlistnum   = 1
[LOG] SystemI::createSoundInternal             : exinfo->suggestedsoundtype = 5
[LOG] SystemI::createSoundInternal             : exinfo->useropen           = 0x1298b801b
[LOG] SystemI::createSoundInternal             : exinfo->userclose          = 0x1298b80d7
[LOG] SystemI::createSoundInternal             : exinfo->userread           = 0x1298b8107
[LOG] SystemI::createSoundInternal             : exinfo->userseek           = 0x1298b81a4
[LOG] SystemI::createSoundInternal             : exinfo->fileuserdata       = 0x12b41e678
[LOG] SystemI::createSoundInternal             : exinfo->initialseekpostype = 1
[LOG] SystemI::DSPCodecPoolRegister            : register codec pool for pool type 5
[LOG] SystemI::createSoundInternal             : Format has 1 subsounds.
[LOG] SystemI::createSoundInternal             : Create as FMOD_CREATESAMPLE
[LOG] SystemI::createSoundInternal             : Multi-sample sound (1 subsounds), create a sample container.
[LOG] SystemI::createSoundInternal             : creating subsound 0/1
[LOG] SystemI::createSample                    : mode 02000202 length 303011 samples, lengthbytes 54144
[LOG] SystemI::createSample                    : channels = 2
[LOG] SystemI::createSample                    : output = 0x144bc0fe8
[LOG] OutputSoftware::createSample             : lengthpcm 303011, lengthbytes 54144, channels 2, format 2, freq 48000, mode 0200020a
[LOG] SystemI::createSoundInternal             : No name found in file, use filename.
[LOG] SystemI::createSoundInternal             : done.  OpenState now = FMOD_OPENSTATE_READY.

[LOG] SystemI::createSoundInternal             : filename =  : mode 02000202
[LOG] SystemI::createSoundInternal             : exinfo->cbsize             = 232
[LOG] SystemI::createSoundInternal             : exinfo->length             = 8092192
[LOG] SystemI::createSoundInternal             : exinfo->fileoffset         = 172992
[LOG] SystemI::createSoundInternal             : exinfo->numsubsounds       = 1
[LOG] SystemI::createSoundInternal             : exinfo->inclusionlist      = 0x70000d1a47bc
[LOG] SystemI::createSoundInternal             : exinfo->inclusionlistnum   = 1
[LOG] SystemI::createSoundInternal             : exinfo->suggestedsoundtype = 5
[LOG] SystemI::createSoundInternal             : exinfo->useropen           = 0x1298b801b
[LOG] SystemI::createSoundInternal             : exinfo->userclose          = 0x1298b80d7
[LOG] SystemI::createSoundInternal             : exinfo->userread           = 0x1298b8107
[LOG] SystemI::createSoundInternal             : exinfo->userseek           = 0x1298b81a4
[LOG] SystemI::createSoundInternal             : exinfo->fileuserdata       = 0x12b41e678
[LOG] SystemI::createSoundInternal             : exinfo->initialseekpostype = 1
[LOG] SystemI::DSPCodecPoolRegister            : register codec pool for pool type 5
[LOG] SystemI::createSoundInternal             : Format has 1 subsounds.
[LOG] SystemI::createSoundInternal             : Create as FMOD_CREATESAMPLE
[LOG] SystemI::createSoundInternal             : Multi-sample sound (1 subsounds), create a sample container.
[LOG] SystemI::createSoundInternal             : creating subsound 0/1
[LOG] SystemI::createSample                    : mode 02000202 length 135530 samples, lengthbytes 46016
[LOG] SystemI::createSample                    : channels = 2
[LOG] SystemI::createSample                    : output = 0x144bc0fe8
[LOG] OutputSoftware::createSample             : lengthpcm 135530, lengthbytes 46016, channels 2, format 2, freq 48000, mode 0200020a
[LOG] SystemI::createSoundInternal             : No name found in file, use filename.
[LOG] SystemI::createSoundInternal             : done.  OpenState now = FMOD_OPENSTATE_READY.

[LOG] SystemI::createSoundInternal             : filename =  : mode 02000202
[LOG] SystemI::createSoundInternal             : exinfo->cbsize             = 232
[LOG] SystemI::createSoundInternal             : exinfo->length             = 8092192
[LOG] SystemI::createSoundInternal             : exinfo->fileoffset         = 172992
[LOG] SystemI::createSoundInternal             : exinfo->numsubsounds       = 1
[LOG] SystemI::createSoundInternal             : exinfo->inclusionlist      = 0x70000d1a47bc
[LOG] SystemI::createSoundInternal             : exinfo->inclusionlistnum   = 1
[LOG] SystemI::createSoundInternal             : exinfo->suggestedsoundtype = 5
[LOG] SystemI::createSoundInternal             : exinfo->useropen           = 0x1298b801b
[LOG] SystemI::createSoundInternal             : exinfo->userclose          = 0x1298b80d7
[LOG] SystemI::createSoundInternal             : exinfo->userread           = 0x1298b8107
[LOG] SystemI::createSoundInternal             : exinfo->userseek           = 0x1298b81a4
[LOG] SystemI::createSoundInternal             : exinfo->fileuserdata       = 0x12b41e678
[LOG] SystemI::createSoundInternal             : exinfo->initialseekpostype = 1
[LOG] SystemI::DSPCodecPoolRegister            : register codec pool for pool type 5
[LOG] SystemI::createSoundInternal             : Format has 1 subsounds.
[LOG] SystemI::createSoundInternal             : Create as FMOD_CREATESAMPLE
[LOG] SystemI::createSoundInternal             : Multi-sample sound (1 subsounds), create a sample container.
[LOG] SystemI::createSoundInternal             : creating subsound 0/1
[LOG] SystemI::createSample                    : mode 02000202 length 135530 samples, lengthbytes 45376
[LOG] SystemI::createSample                    : channels = 2
[LOG] SystemI::createSample                    : output = 0x144bc0fe8
[LOG] OutputSoftware::createSample             : lengthpcm 135530, lengthbytes 45376, channels 2, format 2, freq 48000, mode 0200020a
[LOG] SystemI::createSoundInternal             : No name found in file, use filename.
[LOG] SystemI::createSoundInternal             : done.  OpenState now = FMOD_OPENSTATE_READY.

[LOG] SystemI::createSoundInternal             : filename =  : mode 02000202
[LOG] SystemI::createSoundInternal             : exinfo->cbsize             = 232
[LOG] SystemI::createSoundInternal             : exinfo->length             = 8092192
[LOG] SystemI::createSoundInternal             : exinfo->fileoffset         = 172992
[LOG] SystemI::createSoundInternal             : exinfo->numsubsounds       = 1
[LOG] SystemI::createSoundInternal             : exinfo->inclusionlist      = 0x70000d1a47bc
[LOG] SystemI::createSoundInternal             : exinfo->inclusionlistnum   = 1
[LOG] SystemI::createSoundInternal             : exinfo->suggestedsoundtype = 5
[LOG] SystemI::createSoundInternal             : exinfo->useropen           = 0x1298b801b
[LOG] SystemI::createSoundInternal             : exinfo->userclose          = 0x1298b80d7
[LOG] SystemI::createSoundInternal             : exinfo->userread           = 0x1298b8107
[LOG] SystemI::createSoundInternal             : exinfo->userseek           = 0x1298b81a4
[LOG] SystemI::createSoundInternal             : exinfo->fileuserdata       = 0x12b41e678
[LOG] SystemI::createSoundInternal             : exinfo->initialseekpostype = 1
[LOG] SystemI::DSPCodecPoolRegister            : register codec pool for pool type 5
[LOG] SystemI::createSoundInternal             : Format has 1 subsounds.
[LOG] SystemI::createSoundInternal             : Create as FMOD_CREATESAMPLE
[LOG] SystemI::createSoundInternal             : Multi-sample sound (1 subsounds), create a sample container.
[LOG] SystemI::createSoundInternal             : creating subsound 0/1
[LOG] SystemI::createSample                    : mode 02000202 length 67765 samples, lengthbytes 20864
[LOG] SystemI::createSample                    : channels = 2
[LOG] SystemI::createSample                    : output = 0x144bc0fe8
[LOG] OutputSoftware::createSample             : lengthpcm 67765, lengthbytes 20864, channels 2, format 2, freq 48000, mode 0200020a
[LOG] SystemI::createSoundInternal             : No name found in file, use filename.
[LOG] SystemI::createSoundInternal             : done.  OpenState now = FMOD_OPENSTATE_READY.

[LOG] SystemI::createSoundInternal             : filename =  : mode 02000202
[LOG] SystemI::createSoundInternal             : exinfo->cbsize             = 232
[LOG] SystemI::createSoundInternal             : exinfo->length             = 8092192
[LOG] SystemI::createSoundInternal             : exinfo->fileoffset         = 172992
[LOG] SystemI::createSoundInternal             : exinfo->numsubsounds       = 1
[LOG] SystemI::createSoundInternal             : exinfo->inclusionlist      = 0x70000d1a47bc
[LOG] SystemI::createSoundInternal             : exinfo->inclusionlistnum   = 1
[LOG] SystemI::createSoundInternal             : exinfo->suggestedsoundtype = 5
[LOG] SystemI::createSoundInternal             : exinfo->useropen           = 0x1298b801b
[LOG] SystemI::createSoundInternal             : exinfo->userclose          = 0x1298b80d7
[LOG] SystemI::createSoundInternal             : exinfo->userread           = 0x1298b8107
[LOG] SystemI::createSoundInternal             : exinfo->userseek           = 0x1298b81a4
[LOG] SystemI::createSoundInternal             : exinfo->fileuserdata       = 0x12b41e678
[LOG] SystemI::createSoundInternal             : exinfo->initialseekpostype = 1
[LOG] SystemI::DSPCodecPoolRegister            : register codec pool for pool type 5
[LOG] SystemI::createSoundInternal             : Format has 1 subsounds.
[LOG] SystemI::createSoundInternal             : Create as FMOD_CREATESAMPLE
[LOG] SystemI::createSoundInternal             : Multi-sample sound (1 subsounds), create a sample container.
[LOG] SystemI::createSoundInternal             : creating subsound 0/1
[LOG] SystemI::createSample                    : mode 02000202 length 67765 samples, lengthbytes 20672
[LOG] SystemI::createSample                    : channels = 2
[LOG] SystemI::createSample                    : output = 0x144bc0fe8
[LOG] OutputSoftware::createSample             : lengthpcm 67765, lengthbytes 20672, channels 2, format 2, freq 48000, mode 0200020a
[LOG] SystemI::createSoundInternal             : No name found in file, use filename.
[LOG] SystemI::createSoundInternal             : done.  OpenState now = FMOD_OPENSTATE_READY.

[LOG] SystemI::createSoundInternal             : filename =  : mode 02000202
[LOG] SystemI::createSoundInternal             : exinfo->cbsize             = 232
[LOG] SystemI::createSoundInternal             : exinfo->length             = 8092192
[LOG] SystemI::createSoundInternal             : exinfo->fileoffset         = 172992
[LOG] SystemI::createSoundInternal             : exinfo->numsubsounds       = 1
[LOG] SystemI::createSoundInternal             : exinfo->inclusionlist      = 0x70000d1a47bc
[LOG] SystemI::createSoundInternal             : exinfo->inclusionlistnum   = 1
[LOG] SystemI::createSoundInternal             : exinfo->suggestedsoundtype = 5
[LOG] SystemI::createSoundInternal             : exinfo->useropen           = 0x1298b801b
[LOG] SystemI::createSoundInternal             : exinfo->userclose          = 0x1298b80d7
[LOG] SystemI::createSoundInternal             : exinfo->userread           = 0x1298b8107
[LOG] SystemI::createSoundInternal             : exinfo->userseek           = 0x1298b81a4
[LOG] SystemI::createSoundInternal             : exinfo->fileuserdata       = 0x12b41e678
[LOG] SystemI::createSoundInternal             : exinfo->initialseekpostype = 1
[LOG] SystemI::DSPCodecPoolRegister            : register codec pool for pool type 5
[LOG] SystemI::createSoundInternal             : Format has 1 subsounds.
[LOG] SystemI::createSoundInternal             : Create as FMOD_CREATESAMPLE
[LOG] SystemI::createSoundInternal             : Multi-sample sound (1 subsounds), create a sample container.
[LOG] SystemI::createSoundInternal             : creating subsound 0/1
[LOG] SystemI::createSample                    : mode 02000202 length 406588 samples, lengthbytes 97952
[LOG] SystemI::createSample                    : channels = 2
[LOG] SystemI::createSample                    : output = 0x144bc0fe8
[LOG] OutputSoftware::createSample             : lengthpcm 406588, lengthbytes 97952, channels 2, format 2, freq 48000, mode 0200020a
[LOG] SystemI::createSoundInternal             : No name found in file, use filename.
[LOG] SystemI::createSoundInternal             : done.  OpenState now = FMOD_OPENSTATE_READY.

[LOG] SystemI::createSoundInternal             : filename =  : mode 02000202
[LOG] SystemI::createSoundInternal             : exinfo->cbsize             = 232
[LOG] SystemI::createSoundInternal             : exinfo->length             = 8092192
[LOG] SystemI::createSoundInternal             : exinfo->fileoffset         = 172992
[LOG] SystemI::createSoundInternal             : exinfo->numsubsounds       = 1
[LOG] SystemI::createSoundInternal             : exinfo->inclusionlist      = 0x70000d1a47bc
[LOG] SystemI::createSoundInternal             : exinfo->inclusionlistnum   = 1
[LOG] SystemI::createSoundInternal             : exinfo->suggestedsoundtype = 5
[LOG] SystemI::createSoundInternal             : exinfo->useropen           = 0x1298b801b
[LOG] SystemI::createSoundInternal             : exinfo->userclose          = 0x1298b80d7
[LOG] SystemI::createSoundInternal             : exinfo->userread           = 0x1298b8107
[LOG] SystemI::createSoundInternal             : exinfo->userseek           = 0x1298b81a4
[LOG] SystemI::createSoundInternal             : exinfo->fileuserdata       = 0x12b41e678
[LOG] SystemI::createSoundInternal             : exinfo->initialseekpostype = 1
[LOG] SystemI::DSPCodecPoolRegister            : register codec pool for pool type 5
[LOG] SystemI::createSoundInternal             : Format has 1 subsounds.
[LOG] SystemI::createSoundInternal             : Create as FMOD_CREATESAMPLE
[LOG] SystemI::createSoundInternal             : Multi-sample sound (1 subsounds), create a sample container.
[LOG] SystemI::createSoundInternal             : creating subsound 0/1
[LOG] SystemI::createSample                    : mode 02000202 length 135529 samples, lengthbytes 34880
[LOG] SystemI::createSample                    : channels = 2
[LOG] SystemI::createSample                    : output = 0x144bc0fe8
[LOG] OutputSoftware::createSample             : lengthpcm 135529, lengthbytes 34880, channels 2, format 2, freq 48000, mode 0200020a
[LOG] SystemI::createSoundInternal             : No name found in file, use filename.
[LOG] SystemI::createSoundInternal             : done.  OpenState now = FMOD_OPENSTATE_READY.

[LOG] SystemI::createSoundInternal             : filename =  : mode 02000202
[LOG] SystemI::createSoundInternal             : exinfo->cbsize             = 232
[LOG] SystemI::createSoundInternal             : exinfo->length             = 8092192
[LOG] SystemI::createSoundInternal             : exinfo->fileoffset         = 172992
[LOG] SystemI::createSoundInternal             : exinfo->numsubsounds       = 1
[LOG] SystemI::createSoundInternal             : exinfo->inclusionlist      = 0x70000d1a47bc
[LOG] SystemI::createSoundInternal             : exinfo->inclusionlistnum   = 1
[LOG] SystemI::createSoundInternal             : exinfo->suggestedsoundtype = 5
[LOG] SystemI::createSoundInternal             : exinfo->useropen           = 0x1298b801b
[LOG] SystemI::createSoundInternal             : exinfo->userclose          = 0x1298b80d7
[LOG] SystemI::createSoundInternal             : exinfo->userread           = 0x1298b8107
[LOG] SystemI::createSoundInternal             : exinfo->userseek           = 0x1298b81a4
[LOG] SystemI::createSoundInternal             : exinfo->fileuserdata       = 0x12b41e678
[LOG] SystemI::createSoundInternal             : exinfo->initialseekpostype = 1
[LOG] SystemI::DSPCodecPoolRegister            : register codec pool for pool type 5
[LOG] SystemI::createSoundInternal             : Format has 1 subsounds.
[LOG] SystemI::createSoundInternal             : Create as FMOD_CREATESAMPLE
[LOG] SystemI::createSoundInternal             : Multi-sample sound (1 subsounds), create a sample container.
[LOG] SystemI::createSoundInternal             : creating subsound 0/1
[LOG] SystemI::createSample                    : mode 02000202 length 67765 samples, lengthbytes 20608
[LOG] SystemI::createSample                    : channels = 2
[LOG] SystemI::createSample                    : output = 0x144bc0fe8
[LOG] OutputSoftware::createSample             : lengthpcm 67765, lengthbytes 20608, channels 2, format 2, freq 48000, mode 0200020a
[LOG] SystemI::createSoundInternal             : No name found in file, use filename.
[LOG] SystemI::createSoundInternal             : done.  OpenState now = FMOD_OPENSTATE_READY.

[LOG] SystemI::createSoundInternal             : filename =  : mode 02000202
[LOG] SystemI::createSoundInternal             : exinfo->cbsize             = 232
[LOG] SystemI::createSoundInternal             : exinfo->length             = 8092192
[LOG] SystemI::createSoundInternal             : exinfo->fileoffset         = 172992
[LOG] SystemI::createSoundInternal             : exinfo->numsubsounds       = 1
[LOG] SystemI::createSoundInternal             : exinfo->inclusionlist      = 0x70000d1a47bc
[LOG] SystemI::createSoundInternal             : exinfo->inclusionlistnum   = 1
[LOG] SystemI::createSoundInternal             : exinfo->suggestedsoundtype = 5
[LOG] SystemI::createSoundInternal             : exinfo->useropen           = 0x1298b801b
[LOG] SystemI::createSoundInternal             : exinfo->userclose          = 0x1298b80d7
[LOG] SystemI::createSoundInternal             : exinfo->userread           = 0x1298b8107
[LOG] SystemI::createSoundInternal             : exinfo->userseek           = 0x1298b81a4
[LOG] SystemI::createSoundInternal             : exinfo->fileuserdata       = 0x12b41e678
[LOG] SystemI::createSoundInternal             : exinfo->initialseekpostype = 1
[LOG] SystemI::DSPCodecPoolRegister            : register codec pool for pool type 5
[LOG] SystemI::createSoundInternal             : Format has 1 subsounds.
[LOG] SystemI::createSoundInternal             : Create as FMOD_CREATESAMPLE
[LOG] SystemI::createSoundInternal             : Multi-sample sound (1 subsounds), create a sample container.
[LOG] SystemI::createSoundInternal             : creating subsound 0/1
[LOG] SystemI::createSample                    : mode 02000202 length 135529 samples, lengthbytes 44256
[LOG] SystemI::createSample                    : channels = 2
[LOG] SystemI::createSample                    : output = 0x144bc0fe8
[LOG] OutputSoftware::createSample             : lengthpcm 135529, lengthbytes 44256, channels 2, format 2, freq 48000, mode 0200020a
[LOG] SystemI::createSoundInternal             : No name found in file, use filename.
[LOG] SystemI::createSoundInternal             : done.  OpenState now = FMOD_OPENSTATE_READY.

[LOG] SystemI::createSoundInternal             : filename =  : mode 02000202
[LOG] SystemI::createSoundInternal             : exinfo->cbsize             = 232
[LOG] SystemI::createSoundInternal             : exinfo->length             = 8092192
[LOG] SystemI::createSoundInternal             : exinfo->fileoffset         = 172992
[LOG] SystemI::createSoundInternal             : exinfo->numsubsounds       = 1
[LOG] SystemI::createSoundInternal             : exinfo->inclusionlist      = 0x70000d1a47bc
[LOG] SystemI::createSoundInternal             : exinfo->inclusionlistnum   = 1
[LOG] SystemI::createSoundInternal             : exinfo->suggestedsoundtype = 5
[LOG] SystemI::createSoundInternal             : exinfo->useropen           = 0x1298b801b
[LOG] SystemI::createSoundInternal             : exinfo->userclose          = 0x1298b80d7
[LOG] SystemI::createSoundInternal             : exinfo->userread           = 0x1298b8107
[LOG] SystemI::createSoundInternal             : exinfo->userseek           = 0x1298b81a4
[LOG] SystemI::createSoundInternal             : exinfo->fileuserdata       = 0x12b41e678
[LOG] SystemI::createSoundInternal             : exinfo->initialseekpostype = 1
[LOG] SystemI::DSPCodecPoolRegister            : register codec pool for pool type 5
[LOG] SystemI::createSoundInternal             : Format has 1 subsounds.
[LOG] SystemI::createSoundInternal             : Create as FMOD_CREATESAMPLE
[LOG] SystemI::createSoundInternal             : Multi-sample sound (1 subsounds), create a sample container.
[LOG] SystemI::createSoundInternal             : creating subsound 0/1
[LOG] SystemI::createSample                    : mode 02000202 length 225667 samples, lengthbytes 63680
[LOG] SystemI::createSample                    : channels = 2
[LOG] SystemI::createSample                    : output = 0x144bc0fe8
[LOG] OutputSoftware::createSample             : lengthpcm 225667, lengthbytes 63680, channels 2, format 2, freq 48000, mode 0200020a
[LOG] SystemI::createSoundInternal             : No name found in file, use filename.
[LOG] SystemI::createSoundInternal             : done.  OpenState now = FMOD_OPENSTATE_READY.

[LOG] SystemI::createSoundInternal             : filename =  : mode 02000202
[LOG] SystemI::createSoundInternal             : exinfo->cbsize             = 232
[LOG] SystemI::createSoundInternal             : exinfo->length             = 8092192
[LOG] SystemI::createSoundInternal             : exinfo->fileoffset         = 172992
[LOG] SystemI::createSoundInternal             : exinfo->numsubsounds       = 1
[LOG] SystemI::createSoundInternal             : exinfo->inclusionlist      = 0x70000d1a47bc
[LOG] SystemI::createSoundInternal             : exinfo->inclusionlistnum   = 1
[LOG] SystemI::createSoundInternal             : exinfo->suggestedsoundtype = 5
[LOG] SystemI::createSoundInternal             : exinfo->useropen           = 0x1298b801b
[LOG] SystemI::createSoundInternal             : exinfo->userclose          = 0x1298b80d7
[LOG] SystemI::createSoundInternal             : exinfo->userread           = 0x1298b8107
[LOG] SystemI::createSoundInternal             : exinfo->userseek           = 0x1298b81a4
[LOG] SystemI::createSoundInternal             : exinfo->fileuserdata       = 0x12b41e678
[LOG] SystemI::createSoundInternal             : exinfo->initialseekpostype = 1
[LOG] SystemI::DSPCodecPoolRegister            : register codec pool for pool type 5
[LOG] SystemI::createSoundInternal             : Format has 1 subsounds.
[LOG] SystemI::createSoundInternal             : Create as FMOD_CREATESAMPLE
[LOG] SystemI::createSoundInternal             : Multi-sample sound (1 subsounds), create a sample container.
[LOG] SystemI::createSoundInternal             : creating subsound 0/1
[LOG] SystemI::createSample                    : mode 02000202 length 303011 samples, lengthbytes 54816
[LOG] SystemI::createSample                    : channels = 2
[LOG] SystemI::createSample                    : output = 0x144bc0fe8
[LOG] OutputSoftware::createSample             : lengthpcm 303011, lengthbytes 54816, channels 2, format 2, freq 48000, mode 0200020a
[LOG] SystemI::createSoundInternal             : No name found in file, use filename.
[LOG] SystemI::createSoundInternal             : done.  OpenState now = FMOD_OPENSTATE_READY.

[LOG] SystemI::createSoundInternal             : filename =  : mode 02000202
[LOG] SystemI::createSoundInternal             : exinfo->cbsize             = 232
[LOG] SystemI::createSoundInternal             : exinfo->length             = 8092192
[LOG] SystemI::createSoundInternal             : exinfo->fileoffset         = 172992
[LOG] SystemI::createSoundInternal             : exinfo->numsubsounds       = 1
[LOG] SystemI::createSoundInternal             : exinfo->inclusionlist      = 0x70000d1a47bc
[LOG] SystemI::createSoundInternal             : exinfo->inclusionlistnum   = 1
[LOG] SystemI::createSoundInternal             : exinfo->suggestedsoundtype = 5
[LOG] SystemI::createSoundInternal             : exinfo->useropen           = 0x1298b801b
[LOG] SystemI::createSoundInternal             : exinfo->userclose          = 0x1298b80d7
[LOG] SystemI::createSoundInternal             : exinfo->userread           = 0x1298b8107
[LOG] SystemI::createSoundInternal             : exinfo->userseek           = 0x1298b81a4
[LOG] SystemI::createSoundInternal             : exinfo->fileuserdata       = 0x12b41e678
[LOG] SystemI::createSoundInternal             : exinfo->initialseekpostype = 1
[LOG] SystemI::DSPCodecPoolRegister            : register codec pool for pool type 5
[LOG] SystemI::createSoundInternal             : Format has 1 subsounds.
[LOG] SystemI::createSoundInternal             : Create as FMOD_CREATESAMPLE
[LOG] SystemI::createSoundInternal             : Multi-sample sound (1 subsounds), create a sample container.
[LOG] SystemI::createSoundInternal             : creating subsound 0/1
[LOG] SystemI::createSample                    : mode 02000202 length 303011 samples, lengthbytes 54496
[LOG] SystemI::createSample                    : channels = 2
[LOG] SystemI::createSample                    : output = 0x144bc0fe8
[LOG] OutputSoftware::createSample             : lengthpcm 303011, lengthbytes 54496, channels 2, format 2, freq 48000, mode 0200020a
[LOG] SystemI::createSoundInternal             : No name found in file, use filename.
[LOG] SystemI::createSoundInternal             : done.  OpenState now = FMOD_OPENSTATE_READY.

[LOG] SystemI::createSoundInternal             : filename =  : mode 02000202
[LOG] SystemI::createSoundInternal             : exinfo->cbsize             = 232
[LOG] SystemI::createSoundInternal             : exinfo->length             = 8092192
[LOG] SystemI::createSoundInternal             : exinfo->fileoffset         = 172992
[LOG] SystemI::createSoundInternal             : exinfo->numsubsounds       = 1
[LOG] SystemI::createSoundInternal             : exinfo->inclusionlist      = 0x70000d1a47bc
[LOG] SystemI::createSoundInternal             : exinfo->inclusionlistnum   = 1
[LOG] SystemI::createSoundInternal             : exinfo->suggestedsoundtype = 5
[LOG] SystemI::createSoundInternal             : exinfo->useropen           = 0x1298b801b
[LOG] SystemI::createSoundInternal             : exinfo->userclose          = 0x1298b80d7
[LOG] SystemI::createSoundInternal             : exinfo->userread           = 0x1298b8107
[LOG] SystemI::createSoundInternal             : exinfo->userseek           = 0x1298b81a4
[LOG] SystemI::createSoundInternal             : exinfo->fileuserdata       = 0x12b41e678
[LOG] SystemI::createSoundInternal             : exinfo->initialseekpostype = 1
[LOG] SystemI::DSPCodecPoolRegister            : register codec pool for pool type 5
[LOG] SystemI::createSoundInternal             : Format has 1 subsounds.
[LOG] SystemI::createSoundInternal             : Create as FMOD_CREATESAMPLE
[LOG] SystemI::createSoundInternal             : Multi-sample sound (1 subsounds), create a sample container.
[LOG] SystemI::createSoundInternal             : creating subsound 0/1
[LOG] SystemI::createSample                    : mode 02000202 length 406588 samples, lengthbytes 93632
[LOG] SystemI::createSample                    : channels = 2
[LOG] SystemI::createSample                    : output = 0x144bc0fe8
[LOG] OutputSoftware::createSample             : lengthpcm 406588, lengthbytes 93632, channels 2, format 2, freq 48000, mode 0200020a
[LOG] SystemI::createSoundInternal             : No name found in file, use filename.
[LOG] SystemI::createSoundInternal             : done.  OpenState now = FMOD_OPENSTATE_READY.

[LOG] SystemI::createSoundInternal             : filename =  : mode 02000202
[LOG] SystemI::createSoundInternal             : exinfo->cbsize             = 232
[LOG] SystemI::createSoundInternal             : exinfo->length             = 8092192
[LOG] SystemI::createSoundInternal             : exinfo->fileoffset         = 172992
[LOG] SystemI::createSoundInternal             : exinfo->numsubsounds       = 1
[LOG] SystemI::createSoundInternal             : exinfo->inclusionlist      = 0x70000d1a47bc
[LOG] SystemI::createSoundInternal             : exinfo->inclusionlistnum   = 1
[LOG] SystemI::createSoundInternal             : exinfo->suggestedsoundtype = 5
[LOG] SystemI::createSoundInternal             : exinfo->useropen           = 0x1298b801b
[LOG] SystemI::createSoundInternal             : exinfo->userclose          = 0x1298b80d7
[LOG] SystemI::createSoundInternal             : exinfo->userread           = 0x1298b8107
[LOG] SystemI::createSoundInternal             : exinfo->userseek           = 0x1298b81a4
[LOG] SystemI::createSoundInternal             : exinfo->fileuserdata       = 0x12b41e678
[LOG] SystemI::createSoundInternal             : exinfo->initialseekpostype = 1
[LOG] SystemI::DSPCodecPoolRegister            : register codec pool for pool type 5
[LOG] SystemI::createSoundInternal             : Format has 1 subsounds.
[LOG] SystemI::createSoundInternal             : Create as FMOD_CREATESAMPLE
[LOG] SystemI::createSoundInternal             : Multi-sample sound (1 subsounds), create a sample container.
[LOG] SystemI::createSoundInternal             : creating subsound 0/1
[LOG] SystemI::createSample                    : mode 02000202 length 135529 samples, lengthbytes 44800
[LOG] SystemI::createSample                    : channels = 2
[LOG] SystemI::createSample                    : output = 0x144bc0fe8
[LOG] OutputSoftware::createSample             : lengthpcm 135529, lengthbytes 44800, channels 2, format 2, freq 48000, mode 0200020a
[LOG] SystemI::createSoundInternal             : No name found in file, use filename.
[LOG] SystemI::createSoundInternal             : done.  OpenState now = FMOD_OPENSTATE_READY.

[LOG] SystemI::createSoundInternal             : filename =  : mode 02000202
[LOG] SystemI::createSoundInternal             : exinfo->cbsize             = 232
[LOG] SystemI::createSoundInternal             : exinfo->length             = 8092192
[LOG] SystemI::createSoundInternal             : exinfo->fileoffset         = 172992
[LOG] SystemI::createSoundInternal             : exinfo->numsubsounds       = 1
[LOG] SystemI::createSoundInternal             : exinfo->inclusionlist      = 0x70000d1a47bc
[LOG] SystemI::createSoundInternal             : exinfo->inclusionlistnum   = 1
[LOG] SystemI::createSoundInternal             : exinfo->suggestedsoundtype = 5
[LOG] SystemI::createSoundInternal             : exinfo->useropen           = 0x1298b801b
[LOG] SystemI::createSoundInternal             : exinfo->userclose          = 0x1298b80d7
[LOG] SystemI::createSoundInternal             : exinfo->userread           = 0x1298b8107
[LOG] SystemI::createSoundInternal             : exinfo->userseek           = 0x1298b81a4
[LOG] SystemI::createSoundInternal             : exinfo->fileuserdata       = 0x12b41e678
[LOG] SystemI::createSoundInternal             : exinfo->initialseekpostype = 1
[LOG] SystemI::DSPCodecPoolRegister            : register codec pool for pool type 5
[LOG] SystemI::createSoundInternal             : Format has 1 subsounds.
[LOG] SystemI::createSoundInternal             : Create as FMOD_CREATESAMPLE
[LOG] SystemI::createSoundInternal             : Multi-sample sound (1 subsounds), create a sample container.
[LOG] SystemI::createSoundInternal             : creating subsound 0/1
[LOG] SystemI::createSample                    : mode 02000202 length 67765 samples, lengthbytes 20320
[LOG] SystemI::createSample                    : channels = 2
[LOG] SystemI::createSample                    : output = 0x144bc0fe8
[LOG] OutputSoftware::createSample             : lengthpcm 67765, lengthbytes 20320, channels 2, format 2, freq 48000, mode 0200020a
[LOG] SystemI::createSoundInternal             : No name found in file, use filename.
[LOG] SystemI::createSoundInternal             : done.  OpenState now = FMOD_OPENSTATE_READY.

[LOG] SystemI::createSound                     : filename = FMOD_GJ18/Build/Desktop/Master Bank.bank : mode 02010082
[LOG] SystemI::createSound                     : FMOD_NONBLOCKING specified.  Putting into queue to be opened asynchronously!
[LOG] Thread::initThread                       : Init FMOD nonblocking thread (0). Priority: 1, Stack Size: 81920, Semaphore: Yes, Sleep Time: 0, Looping: Yes.
[LOG] SystemI::createSound                     : setdata soundi = 0x123cc0808 : node = 0x123cd1750
[LOG] SystemI::createSound                     : add node to async list : head = 0x123cc0ec8.  list count = 0
[LOG] AsyncThread::threadFunc                  : Starting Asynchronous operation on sound 0x123cc0808
[LOG] SystemI::createSoundInternal             :     filename = FMOD_GJ18/Build/Desktop/Master Bank.bank : mode 02010082
[LOG] SystemI::createSoundInternal             :     exinfo->cbsize             = 232
[LOG] SystemI::createSoundInternal             :     exinfo->length             = 8092192
[LOG] SystemI::createSoundInternal             :     exinfo->fileoffset         = 172992
[LOG] SystemI::createSoundInternal             :     exinfo->numsubsounds       = 1
[LOG] SystemI::createSoundInternal             :     exinfo->inclusionlist      = 0x123cd1868
[LOG] SystemI::createSoundInternal             :     exinfo->inclusionlistnum   = 1
[LOG] SystemI::createSoundInternal             :     exinfo->suggestedsoundtype = 5
[LOG] SystemI::createSoundInternal             :     exinfo->initialseekpostype = 1
[LOG] SystemI::createSound                     :     filename = FMOD_GJ18/Build/Desktop/Master Bank.bank : mode 02010082
[LOG] SystemI::createSound                     :     FMOD_NONBLOCKING specified.  Putting into queue to be opened asynchronously!
[LOG] SystemI::createSound                     :     setdata soundi = 0x123cc1548 : node = 0x12b48bb00
[LOG] SystemI::createSoundInternal             :     Format has 1 subsounds.
[LOG] SystemI::createSound                     :     add node to async list : head = 0x123cc0ec8.  list count = 0
[LOG] SystemI::createSoundInternal             :     Create as FMOD_CREATESTREAM
[LOG] System::createSoundInternal              :     decode buffersize = 19200 : blocksize = 256 : format = 2
[LOG] SystemI::createSample                    :     mode 02010082 length 19200 samples, lengthbytes 195072
[LOG] SystemI::createSample                    :     channels = 2
[LOG] SystemI::createSample                    :     output = 0x144bc0fe8
[LOG] OutputSoftware::createSample             :     lengthpcm 19200, lengthbytes 195072, channels 2, format 2, freq 48000, mode 0201008a
[LOG] System::createSoundInternal              :     1 subsounds detected.
[LOG] System::createSoundInternal              :     Seek stream to start
[LOG] SystemI::createSound                     :     filename = FMOD_GJ18/Build/Desktop/Master Bank.bank : mode 02010082
[LOG] SystemI::createSound                     :     FMOD_NONBLOCKING specified.  Putting into queue to be opened asynchronously!
[LOG] SystemI::createSound                     :     setdata soundi = 0x123cc18f8 : node = 0x123cbcec0
[LOG] System::createSoundInternal              :     flush stream buffer
[LOG] SystemI::createSound                     :     add node to async list : head = 0x123cc0ec8.  list count = 1
[LOG] SystemI::createSound                     :     filename = FMOD_GJ18/Build/Desktop/Master Bank.bank : mode 02010082
[LOG] SystemI::createSound                     :     FMOD_NONBLOCKING specified.  Putting into queue to be opened asynchronously!
[LOG] SystemI::createSound                     :     setdata soundi = 0x123cc1ca8 : node = 0x123cc1e60
[LOG] SystemI::createSound                     :     add node to async list : head = 0x123cc0ec8.  list count = 2
[LOG] SystemI::createSound                     :     filename = FMOD_GJ18/Build/Desktop/Master Bank.bank : mode 02010082
[LOG] SystemI::createSound                     :     FMOD_NONBLOCKING specified.  Putting into queue to be opened asynchronously!
[LOG] SystemI::createSound                     :     setdata soundi = 0x123cc2888 : node = 0x123cc2a40
[LOG] SystemI::createSound                     :     add node to async list : head = 0x123cc0ec8.  list count = 3
[LOG] SystemI::createSound                     :     filename = FMOD_GJ18/Build/Desktop/Master Bank.bank : mode 02010082
[LOG] SystemI::createSound                     :     FMOD_NONBLOCKING specified.  Putting into queue to be opened asynchronously!
[LOG] SystemI::createSound                     :     setdata soundi = 0x123cc2d78 : node = 0x123cc2f30
[LOG] SystemI::createSound                     :     add node to async list : head = 0x123cc0ec8.  list count = 4
[LOG] SystemI::createSound                     :     filename = FMOD_GJ18/Build/Desktop/Master Bank.bank : mode 02010082
[LOG] SystemI::createSound                     :     FMOD_NONBLOCKING specified.  Putting into queue to be opened asynchronously!
[LOG] SystemI::createSound                     :     setdata soundi = 0x123cc3268 : node = 0x123cc3420
[LOG] SystemI::createSound                     :     add node to async list : head = 0x123cc0ec8.  list count = 5
[LOG] SystemI::createSound                     :     filename = FMOD_GJ18/Build/Desktop/Master Bank.bank : mode 02010082
[LOG] SystemI::createSound                     :     FMOD_NONBLOCKING specified.  Putting into queue to be opened asynchronously!
[LOG] SystemI::createSound                     :     setdata soundi = 0x123cc3758 : node = 0x123cc3910
[LOG] SystemI::createSound                     :     add node to async list : head = 0x123cc0ec8.  list count = 6
[LOG] System::createSoundInternal              :     flush successful.
[LOG] System::createSoundInternal              :     switch file handle from small blocking single buffered to large nonblocking doublebuffered.
[LOG] Thread::initThread                       :         Init FMOD file thread. Priority: 1, Stack Size: 16384, Semaphore: No, Sleep Time: 10, Looping: Yes.
[LOG] SystemI::createSoundInternal             :     done.  OpenState now = FMOD_OPENSTATE_READY.

[LOG] AsyncThread::threadFunc                  : Finished Asynchronous operation on sound 0x123cc0808
[LOG] AsyncThread::threadFunc                  : Starting Asynchronous operation on sound 0x123cc1548
[LOG] SystemI::createSoundInternal             :     filename = FMOD_GJ18/Build/Desktop/Master Bank.bank : mode 02010082
[LOG] SystemI::createSoundInternal             :     exinfo->cbsize             = 232
[LOG] SystemI::createSoundInternal             :     exinfo->length             = 8092192
[LOG] SystemI::createSoundInternal             :     exinfo->fileoffset         = 172992
[LOG] SystemI::createSoundInternal             :     exinfo->numsubsounds       = 1
[LOG] SystemI::createSoundInternal             :     exinfo->inclusionlist      = 0x12b48bc18
[LOG] SystemI::createSoundInternal             :     exinfo->inclusionlistnum   = 1
[LOG] SystemI::createSoundInternal             :     exinfo->suggestedsoundtype = 5
[LOG] SystemI::createSoundInternal             :     exinfo->initialseekposition = 5647
[LOG] SystemI::createSoundInternal             :     exinfo->initialseekpostype = 1
[LOG] SystemI::createSoundInternal             :     Format has 1 subsounds.
[LOG] SystemI::createSoundInternal             :     Create as FMOD_CREATESTREAM
[LOG] System::createSoundInternal              :     decode buffersize = 19200 : blocksize = 256 : format = 2
[LOG] SystemI::createSample                    :     mode 02010082 length 19200 samples, lengthbytes 116128
[LOG] SystemI::createSample                    :     channels = 2
[LOG] SystemI::createSample                    :     output = 0x144bc0fe8
[LOG] OutputSoftware::createSample             :     lengthpcm 19200, lengthbytes 116128, channels 2, format 2, freq 48000, mode 0201008a
[LOG] System::createSoundInternal              :     1 subsounds detected.
[LOG] System::createSoundInternal              :     Seek stream to start
[LOG] System::createSoundInternal              :     flush stream buffer
[LOG] System::createSoundInternal              :     flush successful.
[LOG] System::createSoundInternal              :     switch file handle from small blocking single buffered to large nonblocking doublebuffered.
[LOG] SystemI::createSoundInternal             :     done.  OpenState now = FMOD_OPENSTATE_READY.

[LOG] AsyncThread::threadFunc                  : Finished Asynchronous operation on sound 0x123cc1548
[LOG] AsyncThread::threadFunc                  : Starting Asynchronous operation on sound 0x123cc18f8
[LOG] SystemI::createSoundInternal             :     filename = FMOD_GJ18/Build/Desktop/Master Bank.bank : mode 02010082
[LOG] SystemI::createSoundInternal             :     exinfo->cbsize             = 232
[LOG] SystemI::createSoundInternal             :     exinfo->length             = 8092192
[LOG] SystemI::createSoundInternal             :     exinfo->fileoffset         = 172992
[LOG] SystemI::createSoundInternal             :     exinfo->numsubsounds       = 1
[LOG] SystemI::createSoundInternal             :     exinfo->inclusionlist      = 0x123cbcfd8
[LOG] SystemI::createSoundInternal             :     exinfo->inclusionlistnum   = 1
[LOG] SystemI::createSoundInternal             :     exinfo->suggestedsoundtype = 5
[LOG] SystemI::createSoundInternal             :     exinfo->initialseekpostype = 1
[LOG] SystemI::createSoundInternal             :     Format has 1 subsounds.
[LOG] SystemI::createSoundInternal             :     Create as FMOD_CREATESTREAM
[LOG] System::createSoundInternal              :     decode buffersize = 19200 : blocksize = 256 : format = 2
[LOG] SystemI::createSample                    :     mode 02010082 length 19200 samples, lengthbytes 132000
[LOG] SystemI::createSample                    :     channels = 2
[LOG] SystemI::createSample                    :     output = 0x144bc0fe8
[LOG] OutputSoftware::createSample             :     lengthpcm 19200, lengthbytes 132000, channels 2, format 2, freq 48000, mode 0201008a
[LOG] System::createSoundInternal              :     1 subsounds detected.
[LOG] System::createSoundInternal              :     Seek stream to start
[LOG] System::createSoundInternal              :     flush stream buffer
[LOG] System::createSoundInternal              :     flush successful.
[LOG] System::createSoundInternal              :     switch file handle from small blocking single buffered to large nonblocking doublebuffered.
[LOG] SystemI::createSoundInternal             :     done.  OpenState now = FMOD_OPENSTATE_READY.

[LOG] AsyncThread::threadFunc                  : Finished Asynchronous operation on sound 0x123cc18f8
[LOG] AsyncThread::threadFunc                  : Starting Asynchronous operation on sound 0x123cc1ca8
[LOG] SystemI::createSoundInternal             :     filename = FMOD_GJ18/Build/Desktop/Master Bank.bank : mode 02010082
[LOG] SystemI::createSoundInternal             :     exinfo->cbsize             = 232
[LOG] SystemI::createSoundInternal             :     exinfo->length             = 8092192
[LOG] SystemI::createSoundInternal             :     exinfo->fileoffset         = 172992
[LOG] SystemI::createSoundInternal             :     exinfo->numsubsounds       = 1
[LOG] SystemI::createSoundInternal             :     exinfo->inclusionlist      = 0x123cc1f78
[LOG] SystemI::createSoundInternal             :     exinfo->inclusionlistnum   = 1
[LOG] SystemI::createSoundInternal             :     exinfo->suggestedsoundtype = 5
[LOG] SystemI::createSoundInternal             :     exinfo->initialseekpostype = 1
[LOG] SystemI::createSoundInternal             :     Format has 1 subsounds.
[LOG] SystemI::createSoundInternal             :     Create as FMOD_CREATESTREAM
[LOG] System::createSoundInternal              :     decode buffersize = 19200 : blocksize = 256 : format = 2
[LOG] SystemI::createSample                    :     mode 02010082 length 19200 samples, lengthbytes 98400
[LOG] SystemI::createSample                    :     channels = 2
[LOG] SystemI::createSample                    :     output = 0x144bc0fe8
[LOG] OutputSoftware::createSample             :     lengthpcm 19200, lengthbytes 98400, channels 2, format 2, freq 48000, mode 0201008a
[LOG] System::createSoundInternal              :     1 subsounds detected.
[LOG] System::createSoundInternal              :     Seek stream to start
[LOG] System::createSoundInternal              :     flush stream buffer
[LOG] System::createSoundInternal              :     flush successful.
[LOG] System::createSoundInternal              :     switch file handle from small blocking single buffered to large nonblocking doublebuffered.
[LOG] SystemI::createSoundInternal             :     done.  OpenState now = FMOD_OPENSTATE_READY.

[LOG] AsyncThread::threadFunc                  : Finished Asynchronous operation on sound 0x123cc1ca8
[LOG] AsyncThread::threadFunc                  : Starting Asynchronous operation on sound 0x123cc2888
[LOG] SystemI::createSoundInternal             :     filename = FMOD_GJ18/Build/Desktop/Master Bank.bank : mode 02010082
[LOG] SystemI::createSoundInternal             :     exinfo->cbsize             = 232
[LOG] SystemI::createSoundInternal             :     exinfo->length             = 8092192
[LOG] SystemI::createSoundInternal             :     exinfo->fileoffset         = 172992
[LOG] SystemI::createSoundInternal             :     exinfo->numsubsounds       = 1
[LOG] SystemI::createSoundInternal             :     exinfo->inclusionlist      = 0x123cc2b58
[LOG] SystemI::createSoundInternal             :     exinfo->inclusionlistnum   = 1
[LOG] SystemI::createSoundInternal             :     exinfo->suggestedsoundtype = 5
[LOG] SystemI::createSoundInternal             :     exinfo->initialseekpostype = 1
[LOG] SystemI::createSoundInternal             :     Format has 1 subsounds.
[LOG] SystemI::createSoundInternal             :     Create as FMOD_CREATESTREAM
[LOG] System::createSoundInternal              :     decode buffersize = 19200 : blocksize = 256 : format = 2
[LOG] SystemI::createSample                    :     mode 02010082 length 19200 samples, lengthbytes 97152
[LOG] SystemI::createSample                    :     channels = 2
[LOG] SystemI::createSample                    :     output = 0x144bc0fe8
[LOG] OutputSoftware::createSample             :     lengthpcm 19200, lengthbytes 97152, channels 2, format 2, freq 48000, mode 0201008a
[LOG] System::createSoundInternal              :     1 subsounds detected.
[LOG] System::createSoundInternal              :     Seek stream to start
[LOG] System::createSoundInternal              :     flush stream buffer
[LOG] System::createSoundInternal              :     flush successful.
[LOG] System::createSoundInternal              :     switch file handle from small blocking single buffered to large nonblocking doublebuffered.
[LOG] SystemI::createSoundInternal             :     done.  OpenState now = FMOD_OPENSTATE_READY.

[LOG] AsyncThread::threadFunc                  : Finished Asynchronous operation on sound 0x123cc2888
[LOG] AsyncThread::threadFunc                  : Starting Asynchronous operation on sound 0x123cc2d78
[LOG] SystemI::createSoundInternal             :     filename = FMOD_GJ18/Build/Desktop/Master Bank.bank : mode 02010082
[LOG] SystemI::createSoundInternal             :     exinfo->cbsize             = 232
[LOG] SystemI::createSoundInternal             :     exinfo->length             = 8092192
[LOG] SystemI::createSoundInternal             :     exinfo->fileoffset         = 172992
[LOG] SystemI::createSoundInternal             :     exinfo->numsubsounds       = 1
[LOG] SystemI::createSoundInternal             :     exinfo->inclusionlist      = 0x123cc3048
[LOG] SystemI::createSoundInternal             :     exinfo->inclusionlistnum   = 1
[LOG] SystemI::createSoundInternal             :     exinfo->suggestedsoundtype = 5
[LOG] SystemI::createSoundInternal             :     exinfo->initialseekpostype = 1
[LOG] SystemI::createSoundInternal             :     Format has 1 subsounds.
[LOG] SystemI::createSoundInternal             :     Create as FMOD_CREATESTREAM
[LOG] System::createSoundInternal              :     decode buffersize = 19200 : blocksize = 256 : format = 2
[LOG] SystemI::createSample                    :     mode 02010082 length 19200 samples, lengthbytes 116128
[LOG] SystemI::createSample                    :     channels = 2
[LOG] SystemI::createSample                    :     output = 0x144bc0fe8
[LOG] OutputSoftware::createSample             :     lengthpcm 19200, lengthbytes 116128, channels 2, format 2, freq 48000, mode 0201008a
[LOG] System::createSoundInternal              :     1 subsounds detected.
[LOG] System::createSoundInternal              :     Seek stream to start
[LOG] System::createSoundInternal              :     flush stream buffer
[LOG] System::createSoundInternal              :     flush successful.
[LOG] System::createSoundInternal              :     switch file handle from small blocking single buffered to large nonblocking doublebuffered.
[LOG] SystemI::createSoundInternal             :     done.  OpenState now = FMOD_OPENSTATE_READY.

[LOG] AsyncThread::threadFunc                  : Finished Asynchronous operation on sound 0x123cc2d78
[LOG] AsyncThread::threadFunc                  : Starting Asynchronous operation on sound 0x123cc3268
[LOG] SystemI::createSoundInternal             :     filename = FMOD_GJ18/Build/Desktop/Master Bank.bank : mode 02010082
[LOG] SystemI::createSoundInternal             :     exinfo->cbsize             = 232
[LOG] SystemI::createSoundInternal             :     exinfo->length             = 8092192
[LOG] SystemI::createSoundInternal             :     exinfo->fileoffset         = 172992
[LOG] SystemI::createSoundInternal             :     exinfo->numsubsounds       = 1
[LOG] SystemI::createSoundInternal             :     exinfo->inclusionlist      = 0x123cc3538
[LOG] SystemI::createSoundInternal             :     exinfo->inclusionlistnum   = 1
[LOG] SystemI::createSoundInternal             :     exinfo->suggestedsoundtype = 5
[LOG] SystemI::createSoundInternal             :     exinfo->initialseekpostype = 1
[LOG] SystemI::createSoundInternal             :     Format has 1 subsounds.
[LOG] SystemI::createSoundInternal             :     Create as FMOD_CREATESTREAM
[LOG] System::createSoundInternal              :     decode buffersize = 19200 : blocksize = 256 : format = 2
[LOG] SystemI::createSample                    :     mode 02010082 length 19200 samples, lengthbytes 127328
[LOG] SystemI::createSample                    :     channels = 2
[LOG] SystemI::createSample                    :     output = 0x144bc0fe8
[LOG] OutputSoftware::createSample             :     lengthpcm 19200, lengthbytes 127328, channels 2, format 2, freq 48000, mode 0201008a
[LOG] System::createSoundInternal              :     1 subsounds detected.
[LOG] System::createSoundInternal              :     Seek stream to start
[LOG] System::createSoundInternal              :     flush stream buffer
[LOG] System::createSoundInternal              :     flush successful.
[LOG] System::createSoundInternal              :     switch file handle from small blocking single buffered to large nonblocking doublebuffered.
[LOG] SystemI::createSoundInternal             :     done.  OpenState now = FMOD_OPENSTATE_READY.

[LOG] AsyncThread::threadFunc                  : Finished Asynchronous operation on sound 0x123cc3268
[LOG] AsyncThread::threadFunc                  : Starting Asynchronous operation on sound 0x123cc3758
[LOG] SystemI::createSoundInternal             :     filename = FMOD_GJ18/Build/Desktop/Master Bank.bank : mode 02010082
[LOG] SystemI::createSoundInternal             :     exinfo->cbsize             = 232
[LOG] SystemI::createSoundInternal             :     exinfo->length             = 8092192
[LOG] SystemI::createSoundInternal             :     exinfo->fileoffset         = 172992
[LOG] SystemI::createSoundInternal             :     exinfo->numsubsounds       = 1
[LOG] SystemI::createSoundInternal             :     exinfo->inclusionlist      = 0x123cc3a28
[LOG] SystemI::createSoundInternal             :     exinfo->inclusionlistnum   = 1
[LOG] SystemI::createSoundInternal             :     exinfo->suggestedsoundtype = 5
[LOG] SystemI::createSoundInternal             :     exinfo->initialseekposition = 1411
[LOG] SystemI::createSoundInternal             :     exinfo->initialseekpostype = 1
[LOG] SystemI::createSoundInternal             :     Format has 1 subsounds.
[LOG] SystemI::createSoundInternal             :     Create as FMOD_CREATESTREAM
[LOG] System::createSoundInternal              :     decode buffersize = 19200 : blocksize = 256 : format = 2
[LOG] SystemI::createSample                    :     mode 02010082 length 19200 samples, lengthbytes 116160
[LOG] SystemI::createSample                    :     channels = 2
[LOG] SystemI::createSample                    :     output = 0x144bc0fe8
[LOG] OutputSoftware::createSample             :     lengthpcm 19200, lengthbytes 116160, channels 2, format 2, freq 48000, mode 0201008a
[LOG] System::createSoundInternal              :     1 subsounds detected.
[LOG] System::createSoundInternal              :     Seek stream to start
[LOG] System::createSoundInternal              :     flush stream buffer
[LOG] System::createSoundInternal              :     flush successful.
[LOG] System::createSoundInternal              :     switch file handle from small blocking single buffered to large nonblocking doublebuffered.
[LOG] SystemI::createSoundInternal             :     done.  OpenState now = FMOD_OPENSTATE_READY.

[LOG] AsyncThread::threadFunc                  : Finished Asynchronous operation on sound 0x123cc3758
[LOG] SoundI::getSubSound                      : sound 0x123cc0808.  Subsound index 0 / 1
[LOG] SoundI::getSubSound                      : sound 0x123cc1548.  Subsound index 0 / 1
[LOG] SoundI::getSubSound                      : sound 0x123cc18f8.  Subsound index 0 / 1
[LOG] SoundI::getSubSound                      : sound 0x123cc1ca8.  Subsound index 0 / 1
[LOG] SoundI::getSubSound                      : sound 0x123cc2888.  Subsound index 0 / 1
[LOG] SoundI::getSubSound                      : sound 0x123cc2d78.  Subsound index 0 / 1
[LOG] SoundI::getSubSound                      : sound 0x123cc3268.  Subsound index 0 / 1
[LOG] SoundI::getSubSound                      : sound 0x123cc3758.  Subsound index 0 / 1
